OUTPUT FOR TEST: custom_toy_example------------------
=============== DATA INPUT TO MINIZINC ===============
sameVehicleBackward: False
maxWaitTime: 30
noPlaces: 5
placeCategory: ['MedicalCenter', 'MedicalCenter', 'VehicleDepot', 'PatientLocation', 'PatientLocation']
noVehicles: 1
noCategories: 1
vehicleCanTake: [[True]]
vehicleStart: [3]
vehicleEnd: [3]
vehicleCapacity: [2]
vehicleAvailability: [[420, 1200]]
noRequests: 2
requestStart: [4, 5]
requestDestination: [1, 2]
requestReturn: [4, 5]
requestLoad: [1, 1]
requestServiceStartTime: [720, 750]
requestServiceDuration: [7, 30]
requestCategory: [1, 1]
requestBoardingDuration: [2, 2]
distMatrix: [[0, 20, 135, 15, 5], [20, 0, 125, 5, 15], [135, 125, 0, 120, 140], [15, 5, 120, 0, 20], [5, 15, 140, 20, 0]]
======================================================
sameVehicleBackward = false
maxWaitTime = 30
noPlaces = 5
placeCategory = [MedicalCenter, MedicalCenter, VehicleDepot, PatientLocation, PatientLocation]
noVehicles = 1
vehicleCanTake = [true]
vehicleStart = [3]
vehicleEnd = [3]
vehicleCapacity = [2]
vehicleAvailability = [420, 1200]
noRequests = 2
requestStart = [4, 5]
requestDestination = [1, 2]
requestReturn = [4, 5]
requestLoad = [1, 1]
requestServiceStartTime = [720, 750]
requestServiceDuration = [7, 30]
requestCategory = [1, 1]
requestBoardingDuration = [2, 2]
distMatrix = [0, 20, 135, 15, 5, 20, 0, 125, 5, 15, 135, 125, 0, 120, 140, 15, 5, 120, 0, 20, 5, 15, 140, 20, 0]
grantedRequests = 2
activityStart = [540, 757, 562, 810]
activityDuration = [15, 15, 15, 15]
activityEnd = [555, 772, 577, 825]
activityExecutionStatus = [true, true, true, true]
activityVehicle = [1, 1, 1, 1]

TEST DONE ---------------------------------------------------
